0 info it worked if it ends with ok
1 verbose cli [ '/usr/local/bin/node', '/usr/local/bin/npm', 'run', 'tsc:w' ]
2 info using npm@3.3.12
3 info using node@v5.4.1
4 verbose run-script [ 'pretsc:w', 'tsc:w', 'posttsc:w' ]
5 info lifecycle LISHT@2.0.0~pretsc:w: LISHT@2.0.0
6 silly lifecycle LISHT@2.0.0~pretsc:w: no script for pretsc:w, continuing
7 info lifecycle LISHT@2.0.0~tsc:w: LISHT@2.0.0
8 verbose lifecycle LISHT@2.0.0~tsc:w: unsafe-perm in lifecycle true
9 verbose lifecycle LISHT@2.0.0~tsc:w: PATH: /usr/local/lib/node_modules/npm/bin/node-gyp-bin:/Users/michaelalehr/Repositories/LISHT/node_modules/.bin:/usr/local/lib/node_modules/npm/bin/node-gyp-bin:/Users/michaelalehr/Repositories/LISHT/node_modules/.bin:/Users/michaelalehr/.rvm/gems/ruby-2.1.0/bin:/Users/michaelalehr/.rvm/gems/ruby-2.1.0@global/bin:/Users/michaelalehr/.rvm/rubies/ruby-2.1.0/bin:/usr/local/bin:/usr/bin:/bin:/usr/sbin:/sbin:/usr/local/git/bin:/usr/local/MacGPG2/bin:/Users/michaelalehr/.rvm/bin
10 verbose lifecycle LISHT@2.0.0~tsc:w: CWD: /Users/michaelalehr/Repositories/LISHT
11 silly lifecycle LISHT@2.0.0~tsc:w: Args: [ '-c', 'tsc -w --outDir dist/scripts' ]
12 silly lifecycle LISHT@2.0.0~tsc:w: Returned: code: 1  signal: null
13 info lifecycle LISHT@2.0.0~tsc:w: Failed to exec tsc:w script
14 verbose stack Error: LISHT@2.0.0 tsc:w: `tsc -w --outDir dist/scripts`
14 verbose stack Exit status 1
14 verbose stack     at EventEmitter.<anonymous> (/usr/local/lib/node_modules/npm/lib/utils/lifecycle.js:232:16)
14 verbose stack     at emitTwo (events.js:87:13)
14 verbose stack     at EventEmitter.emit (events.js:172:7)
14 verbose stack     at ChildProcess.<anonymous> (/usr/local/lib/node_modules/npm/lib/utils/spawn.js:24:14)
14 verbose stack     at emitTwo (events.js:87:13)
14 verbose stack     at ChildProcess.emit (events.js:172:7)
14 verbose stack     at maybeClose (internal/child_process.js:821:16)
14 verbose stack     at Process.ChildProcess._handle.onexit (internal/child_process.js:211:5)
15 verbose pkgid LISHT@2.0.0
16 verbose cwd /Users/michaelalehr/Repositories/LISHT
17 error Darwin 14.5.0
18 error argv "/usr/local/bin/node" "/usr/local/bin/npm" "run" "tsc:w"
19 error node v5.4.1
20 error npm  v3.3.12
21 error code ELIFECYCLE
22 error LISHT@2.0.0 tsc:w: `tsc -w --outDir dist/scripts`
22 error Exit status 1
23 error Failed at the LISHT@2.0.0 tsc:w script 'tsc -w --outDir dist/scripts'.
23 error Make sure you have the latest version of node.js and npm installed.
23 error If you do, this is most likely a problem with the LISHT package,
23 error not with npm itself.
23 error Tell the author that this fails on your system:
23 error     tsc -w --outDir dist/scripts
23 error You can get their info via:
23 error     npm owner ls LISHT
23 error There is likely additional logging output above.
24 verbose exit [ 1, true ]
